19:57:34 TRACE discord-rest_ratelimit.c:252: [DISCORD_RATELIMIT] [null] Couldn't match known buckets to ':1:users:@me'
19:57:35 DEBUG discord-rest_ratelimit.c:301: [DISCORD_RATELIMIT] [78bb] Match ':1:users:@me' to bucket
19:57:35 DEBUG discord-rest_ratelimit.c:357: [DISCORD_RATELIMIT] [78bb] Remaining = 999 | Reset = 1707357455096
19:57:35 TRACE discord-rest_ratelimit.c:252: [DISCORD_RATELIMIT] [null] Couldn't match known buckets to ':1:gateway:bot'
19:57:36 DEBUG discord-rest_ratelimit.c:301: [DISCORD_RATELIMIT] [41f9] Match ':1:gateway:bot' to bucket
19:57:36 DEBUG discord-rest_ratelimit.c:357: [DISCORD_RATELIMIT] [41f9] Remaining = 1 | Reset = 1707357461187
19:57:36 INFO  discord-gateway.c:337: [DISCORD_GATEWAY] Connected, WS-Protocols: ''
19:57:36 TRACE discord-gateway.c:476: [DISCORD_GATEWAY] [93mRCV[0m DISCORD_GATEWAY_HELLO (124 bytes) [@@@_6_@@@]
19:57:36 INFO  discord-gateway_dispatch.c:171: [DISCORD_GATEWAY] [92mSEND[0m IDENTIFY (296 bytes) [@@@_7_@@@]
19:57:36 TRACE discord-gateway.c:476: [DISCORD_GATEWAY] [93mRCV[0m DISCORD_GATEWAY_DISPATCH -> READY (1783 bytes) [@@@_8_@@@]
19:57:36 INFO  discord-gateway.c:210: [DISCORD_GATEWAY] Successfully started a Discord session!
19:57:36 INFO  discord-gateway_dispatch.c:269: [DISCORD_GATEWAY] [92mSEND[0m HEARTBEAT (14 bytes) [@@@_9_@@@]
19:57:36 INFO  discord-refcount.c:234: [DISCORD_REFCOUNT] Adding concord's internal resource 0x1fe9910
19:57:36 INFO  discord-refcount.c:169: [DISCORD_REFCOUNT] Fully decremented and free'd 0x1fe9910
19:57:36 TRACE discord-rest_ratelimit.c:252: [DISCORD_RATELIMIT] [null] Couldn't match known buckets to ':2:applications:%lu:guilds:560568593188651015:commands'
19:57:36 TRACE discord-gateway.c:476: [DISCORD_GATEWAY] [93mRCV[0m DISCORD_GATEWAY_HEARTBEAT_ACK (36 bytes) [@@@_11_@@@]
19:57:36 TRACE discord-gateway.c:324: [DISCORD_GATEWAY] PING: 67 ms
19:57:36 DEBUG discord-rest_ratelimit.c:301: [DISCORD_RATELIMIT] [d982] Match ':2:applications:%lu:guilds:560568593188651015:commands' to bucket
19:57:36 DEBUG discord-rest_ratelimit.c:357: [DISCORD_RATELIMIT] [d982] Remaining = 4 | Reset = 1707357460850
19:57:39 TRACE discord-gateway.c:476: [DISCORD_GATEWAY] [93mRCV[0m DISCORD_GATEWAY_DISPATCH -> INTERACTION_CREATE (1477 bytes) [@@@_13_@@@]
19:57:39 INFO  discord-refcount.c:234: [DISCORD_REFCOUNT] Adding concord's internal resource 0x1fa0800
19:57:39 INFO  discord-refcount.c:169: [DISCORD_REFCOUNT] Fully decremented and free'd 0x1fa0800
19:57:39 TRACE discord-rest_ratelimit.c:252: [DISCORD_RATELIMIT] [null] Couldn't match known buckets to ':2:interactions:%lu:%s:callback'
19:57:39 DEBUG discord-rest_ratelimit.c:301: [DISCORD_RATELIMIT] [432f] Match ':2:interactions:%lu:%s:callback' to bucket
19:57:39 DEBUG discord-rest_ratelimit.c:357: [DISCORD_RATELIMIT] [432f] Remaining = 4 | Reset = 1707357459907
